#
# A fatal error has been detected by the Java Runtime Environment:
#
#  SIGBUS (0xa) at pc=0x000000010a1d9e92, pid=5412, tid=0x000000000000320b
#
# JRE version: Java(TM) SE Runtime Environment (8.0_121-b13) (build 1.8.0_121-b13)
# Java VM: Java HotSpot(TM) 64-Bit Server VM (25.121-b13 mixed mode bsd-amd64 compressed oops)
# Problematic frame:
# C  [libzip.dylib+0x2e92]  newEntry+0x154
#
# Failed to write core dump. Core dumps have been disabled. To enable core dumping, try "ulimit -c unlimited" before starting Java again
#
# If you would like to submit a bug report, please visit:
#   http://bugreport.java.com/bugreport/crash.jsp
# The crash happened outside the Java Virtual Machine in native code.
# See problematic frame for where to report the bug.
#

---------------  T H R E A D  ---------------

Current thread (0x00007fbde9854800):  JavaThread "Mule.app.deployer.monitor.1.thread.1" [_thread_in_native, id=12811, stack(0x000070000268c000,0x000070000278c000)]

siginfo: si_signo: 10 (SIGBUS), si_code: 2 (BUS_ADRERR), si_addr: 0x000000012268567b

Registers:
RAX=0x00007fbde6b68190, RBX=0x000000012268566f, RCX=0x0000000000000500, RDX=0x0000000000000000
RSP=0x0000700002788070, RBP=0x00007000027880d0, RSI=0x00007fbde6d00000, RDI=0x0000000108780a00
R8 =0x0000000000000004, R9 =0x00000000fffff000, R10=0x000000010a30fed8, R11=0x00006ff86b25a08e
R12=0x00007fbde9715e00, R13=0x0000000000001150, R14=0x00000000f9085091, R15=0x00007fbde6ab10b0
RIP=0x000000010a1d9e92, EFLAGS=0x0000000000010206, ERR=0x0000000000000004
  TRAPNO=0x000000000000000e

Top of Stack: (sp=0x0000700002788070)
0x0000700002788070:   00007000027884c0 000000001e0783d8
0x0000700002788080:   00007fbde9854800 726f000700000001
0x0000700002788090:   00007000027880b0 00007fbde6b68190
0x00007000027880a0:   00007fbde6d5e870 00007fbde6b68190
0x00007000027880b0:   00007fbde9715e00 0000000000001150
0x00007000027880c0:   00000000f9085091 00007fbde6ab10b0
0x00007000027880d0:   0000700002788130 000000010a1da52d
0x00007000027880e0:   000070000278819e 000070000278819d
0x00007000027880f0:   0000004e00000000 0000004f01854800
0x0000700002788100:   000070000278814e 0000700002788598
0x0000700002788110:   000000000000004f 000070000278814e
0x0000700002788120:   00007fbde6b68190 00007fbde98549f8
0x0000700002788130:   0000700002788580 000000010a1d9238
0x0000700002788140:   00007000027882b0 726f000100000001
0x0000700002788150:   6d2f656c756d2f67 732f73656c75646f
0x0000700002788160:   63726f6673656c61 6172656e65672f65
0x0000700002788170:   666e6f632f646574 4d7473694c2f6769
0x0000700002788180:   4461746164617465 6f6974696e696665
0x0000700002788190:   2e7265737261506e 0000007373616c63
0x00007000027881a0:   000070000278a0e8 000000010a50dd1c
0x00007000027881b0:   0000000002788210 0000000000010100
0x00007000027881c0:   0000000000000000 0000700002788178
0x00007000027881d0:   00007000027881b9 0000000800000002
0x00007000027881e0:   000070000278a000 00007fbde6c72a20
0x00007000027881f0:   00007fbde6c22ec0 00007fbde6c22ed0
0x0000700002788200:   00007fbde6c232a8 00000000000003d8
0x0000700002788210:   0000000109a2ec60 000000011e8a2740
0x0000700002788220:   0000000002788280 0000000000000000
0x0000700002788230:   0000000000000000 000000000000005c
0x0000700002788240:   000000011e0783d8 00007fbde9854800
0x0000700002788250:   000000011e0783d8 00007fbde9854800
0x0000700002788260:   000000011e0783d8 00007fbde9854800 

Instructions: (pc=0x000000010a1d9e92)
0x000000010a1d9e72:   49 8b 7f 38 e8 5b 1b 00 00 4d 89 77 38 49 89 5f
0x000000010a1d9e82:   40 4c 89 f0 48 85 c0 0f 84 11 05 00 00 48 89 c3
0x000000010a1d9e92:   0f b6 43 0c 0f b6 4b 0d 48 c1 e1 08 48 01 c1 0f
0x000000010a1d9ea2:   b6 43 0e 0f b6 53 0f 48 c1 e2 08 48 01 c2 48 c1 

Register to memory mapping:

RAX=0x00007fbde6b68190 is an unknown value
RBX=0x000000012268566f is an unknown value
RCX=0x0000000000000500 is an unknown value
RDX=0x0000000000000000 is an unknown value
RSP=0x0000700002788070 is pointing into the stack for thread: 0x00007fbde9854800
RBP=0x00007000027880d0 is pointing into the stack for thread: 0x00007fbde9854800
RSI=0x00007fbde6d00000 is an unknown value
RDI=0x0000000108780a00 is an unknown value
R8 =0x0000000000000004 is an unknown value
R9 =0x00000000fffff000 is an unknown value
R10=0x000000010a30fed8 is at entry_point+88 in (nmethod*)0x000000010a30fd10
R11=0x00006ff86b25a08e is an unknown value
R12=0x00007fbde9715e00 is an unknown value
R13=0x0000000000001150 is an unknown value
R14=0x00000000f9085091 is an unknown value
R15=0x00007fbde6ab10b0 is an unknown value


Stack: [0x000070000268c000,0x000070000278c000],  sp=0x0000700002788070,  free space=1008k
Native frames: (J=compiled Java code, j=interpreted, Vv=VM code, C=native code)
C  [libzip.dylib+0x2e92]  newEntry+0x154
C  [libzip.dylib+0x352d]  ZIP_GetEntry2+0xd4
C  [libzip.dylib+0x2238]  Java_java_util_zip_ZipFile_getEntry+0xcf
J 98  java.util.zip.ZipFile.getEntry(J[BZ)J (0 bytes) @ 0x000000010a30ff4e [0x000000010a30fe80+0xce]
J 2936 C2 java.util.zip.ZipFile.getEntry(Ljava/lang/String;)Ljava/util/zip/ZipEntry; (86 bytes) @ 0x000000010ac63220 [0x000000010ac62ec0+0x360]
J 1009 C2 sun.misc.URLClassPath$JarLoader.getResource(Ljava/lang/String;Z)Lsun/misc/Resource; (85 bytes) @ 0x000000010a564408 [0x000000010a564380+0x88]
J 5227 C2 java.net.URLClassLoader$1.run()Ljava/lang/Object; (5 bytes) @ 0x000000010b14a928 [0x000000010b14a340+0x5e8]
v  ~StubRoutines::call_stub
V  [libjvm.dylib+0x2ed9d6]  JavaCalls::call_helper(JavaValue*, methodHandle*, JavaCallArguments*, Thread*)+0x6ae
V  [libjvm.dylib+0x34e114]  JVM_DoPrivileged+0x4b8
J 187  java.security.AccessController.doPrivileged(Ljava/security/PrivilegedExceptionAction;Ljava/security/AccessControlContext;)Ljava/lang/Object; (0 bytes) @ 0x000000010a358995 [0x000000010a3588c0+0xd5]
J 363 C1 java.net.URLClassLoader.findClass(Ljava/lang/String;)Ljava/lang/Class; (47 bytes) @ 0x000000010a3cc854 [0x000000010a3cc6c0+0x194]
J 2582 C1 org.mule.module.launcher.FineGrainedControlClassLoader.findClass(Ljava/lang/String;)Ljava/lang/Class; (37 bytes) @ 0x000000010aade1bc [0x000000010aaddba0+0x61c]
J 5538 C2 org.mule.module.launcher.FineGrainedControlClassLoader.loadClass(Ljava/lang/String;Z)Ljava/lang/Class; (85 bytes) @ 0x000000010b1864c8 [0x000000010b1854a0+0x1028]
J 2470 C2 java.lang.ClassLoader.loadClass(Ljava/lang/String;)Ljava/lang/Class; (7 bytes) @ 0x000000010aa81820 [0x000000010aa817e0+0x40]
v  ~StubRoutines::call_stub
V  [libjvm.dylib+0x2ed9d6]  JavaCalls::call_helper(JavaValue*, methodHandle*, JavaCallArguments*, Thread*)+0x6ae
V  [libjvm.dylib+0x2ee164]  JavaCalls::call_virtual(JavaValue*, KlassHandle, Symbol*, Symbol*, JavaCallArguments*, Thread*)+0x164
V  [libjvm.dylib+0x2ee2bc]  JavaCalls::call_virtual(JavaValue*, Handle, KlassHandle, Symbol*, Symbol*, Handle, Thread*)+0x56
V  [libjvm.dylib+0x53bc92]  SystemDictionary::load_instance_class(Symbol*, Handle, Thread*)+0x2d8
V  [libjvm.dylib+0x53b45a]  SystemDictionary::resolve_instance_class_or_null(Symbol*, Handle, Handle, Thread*)+0x484
V  [libjvm.dylib+0x53beae]  SystemDictionary::resolve_or_null(Symbol*, Handle, Handle, Thread*)+0x106
V  [libjvm.dylib+0x53c561]  SystemDictionary::resolve_or_fail(Symbol*, Handle, Handle, bool, Thread*)+0x31
V  [libjvm.dylib+0x1e291a]  ConstantPool::klass_at_impl(constantPoolHandle, int, Thread*)+0x2ee
V  [libjvm.dylib+0x1f2d2a]  ConstantPool::klass_at(int, Thread*)+0x92
V  [libjvm.dylib+0x2e93f7]  InterpreterRuntime::_new(JavaThread*, ConstantPool*, int)+0x2d
j  org.mule.modules.salesforce.generated.config.SfdcNamespaceHandler.init()V+1474
j  org.springframework.beans.factory.xml.DefaultNamespaceHandlerResolver.resolve(Ljava/lang/String;)Lorg/springframework/beans/factory/xml/NamespaceHandler;+125
j  org.mule.config.spring.MuleHierarchicalBeanDefinitionParserDelegate.parseCustomElement(Lorg/w3c/dom/Element;Lorg/springframework/beans/factory/config/BeanDefinition;)Lorg/springframework/beans/factory/config/BeanDefinition;+75
j  org.mule.config.spring.MuleHierarchicalBeanDefinitionParserDelegate.parseCustomElement(Lorg/w3c/dom/Element;Lorg/springframework/beans/factory/config/BeanDefinition;)Lorg/springframework/beans/factory/config/BeanDefinition;+307
j  org.springframework.beans.factory.xml.BeanDefinitionParserDelegate.parseCustomElement(Lorg/w3c/dom/Element;)Lorg/springframework/beans/factory/config/BeanDefinition;+3
j  org.springframework.beans.factory.xml.DefaultBeanDefinitionDocumentReader.parseBeanDefinitions(Lorg/w3c/dom/Element;Lorg/springframework/beans/factory/xml/BeanDefinitionParserDelegate;)V+91
j  org.mule.config.spring.MuleBeanDefinitionDocumentReader.parseBeanDefinitions(Lorg/w3c/dom/Element;Lorg/springframework/beans/factory/xml/BeanDefinitionParserDelegate;)V+28
j  org.springframework.beans.factory.xml.DefaultBeanDefinitionDocumentReader.doRegisterBeanDefinitions(Lorg/w3c/dom/Element;)V+83
j  org.springframework.beans.factory.xml.DefaultBeanDefinitionDocumentReader.registerBeanDefinitions(Lorg/w3c/dom/Document;Lorg/springframework/beans/factory/xml/XmlReaderContext;)V+25
j  org.springframework.beans.factory.xml.XmlBeanDefinitionReader.registerBeanDefinitions(Lorg/w3c/dom/Document;Lorg/springframework/core/io/Resource;)I+33
j  org.springframework.beans.factory.xml.XmlBeanDefinitionReader.doLoadBeanDefinitions(Lorg/xml/sax/InputSource;Lorg/springframework/core/io/Resource;)I+10
j  org.springframework.beans.factory.xml.XmlBeanDefinitionReader.loadBeanDefinitions(Lorg/springframework/core/io/support/EncodedResource;)I+166
j  org.springframework.beans.factory.xml.XmlBeanDefinitionReader.loadBeanDefinitions(Lorg/springframework/core/io/Resource;)I+9
j  org.springframework.beans.factory.support.AbstractBeanDefinitionReader.loadBeanDefinitions([Lorg/springframework/core/io/Resource;)I+34
j  org.mule.config.spring.MuleArtifactContext.loadBeanDefinitions(Lorg/springframework/beans/factory/support/DefaultListableBeanFactory;)V+21
j  org.springframework.context.support.AbstractRefreshableApplicationContext.refreshBeanFactory()V+35
j  org.springframework.context.support.AbstractApplicationContext.obtainFreshBeanFactory()Lorg/springframework/beans/factory/config/ConfigurableListableBeanFactory;+1
j  org.springframework.context.support.AbstractApplicationContext.refresh()V+12
j  org.mule.config.spring.SpringRegistry.doInitialise()V+14
j  org.mule.registry.AbstractRegistry.initialise()V+26
j  org.mule.config.spring.SpringXmlConfigurationBuilder.createSpringRegistry(Lorg/mule/api/MuleContext;Lorg/springframework/context/ApplicationContext;)V+91
j  org.mule.config.spring.SpringXmlConfigurationBuilder.doConfigure(Lorg/mule/api/MuleContext;)V+45
j  org.mule.config.builders.AbstractConfigurationBuilder.configure(Lorg/mule/api/MuleContext;)V+2
j  org.mule.config.builders.AbstractResourceConfigurationBuilder.configure(Lorg/mule/api/MuleContext;)V+22
j  org.mule.config.builders.AutoConfigurationBuilder.autoConfigure(Lorg/mule/api/MuleContext;[Lorg/mule/config/ConfigResource;)V+336
j  org.mule.config.builders.AutoConfigurationBuilder.doConfigure(Lorg/mule/api/MuleContext;)V+6
j  org.mule.config.builders.AbstractConfigurationBuilder.configure(Lorg/mule/api/MuleContext;)V+2
j  org.mule.config.builders.AbstractResourceConfigurationBuilder.configure(Lorg/mule/api/MuleContext;)V+22
j  org.mule.context.DefaultMuleContextFactory$1.configure(Lorg/mule/api/MuleContext;)V+31
j  org.mule.context.DefaultMuleContextFactory.doCreateMuleContext(Lorg/mule/api/context/MuleContextBuilder;Lorg/mule/context/DefaultMuleContextFactory$ContextConfigurator;)Lorg/mule/api/MuleContext;+24
j  org.mule.context.DefaultMuleContextFactory.createMuleContext(Ljava/util/List;Lorg/mule/api/context/MuleContextBuilder;)Lorg/mule/api/MuleContext;+11
j  org.mule.module.launcher.application.DefaultMuleApplication.init()V+161
j  org.mule.module.launcher.artifact.ArtifactWrapper$2.execute()V+7
j  org.mule.module.launcher.artifact.ArtifactWrapper.executeWithinArtifactClassLoader(Lorg/mule/module/launcher/artifact/ArtifactWrapper$ArtifactAction;)V+36
j  org.mule.module.launcher.artifact.ArtifactWrapper.init()V+9
j  org.mule.module.launcher.DefaultArtifactDeployer.deploy(Lorg/mule/module/launcher/artifact/Artifact;)V+7
j  org.mule.module.launcher.DefaultArchiveDeployer.deployArtifact(Lorg/mule/module/launcher/artifact/Artifact;)V+25
j  org.mule.module.launcher.DefaultArchiveDeployer.deployPackagedArtifact(Ljava/net/URL;)Lorg/mule/module/launcher/artifact/Artifact;+71
j  org.mule.module.launcher.DefaultArchiveDeployer.deployPackagedArtifact(Ljava/net/URL;Ljava/lang/String;)Lorg/mule/module/launcher/artifact/Artifact;+80
j  org.mule.module.launcher.DefaultArchiveDeployer.deployPackagedArtifact(Ljava/lang/String;)Lorg/mule/module/launcher/artifact/Artifact;+33
J 5415 C1 org.mule.module.launcher.DeploymentDirectoryWatcher.deployPackedApps([Ljava/lang/String;)V (44 bytes) @ 0x000000010a9330d4 [0x000000010a932f60+0x174]
J 5416 C1 org.mule.module.launcher.DeploymentDirectoryWatcher.run()V (323 bytes) @ 0x000000010aff458c [0x000000010aff23a0+0x21ec]
J 5368 C1 java.util.concurrent.Executors$RunnableAdapter.call()Ljava/lang/Object; (14 bytes) @ 0x000000010a668094 [0x000000010a667f80+0x114]
J 5367 C1 java.util.concurrent.FutureTask.runAndReset()Z (128 bytes) @ 0x000000010a61672c [0x000000010a6164c0+0x26c]
J 5358 C1 java.util.concurrent.ScheduledThreadPoolExecutor$ScheduledFutureTask.run()V (59 bytes) @ 0x000000010a66ea14 [0x000000010a66e4e0+0x534]
j  java.util.concurrent.ThreadPoolExecutor.runWorker(Ljava/util/concurrent/ThreadPoolExecutor$Worker;)V+95
j  java.util.concurrent.ThreadPoolExecutor$Worker.run()V+5
j  java.lang.Thread.run()V+11
v  ~StubRoutines::call_stub
V  [libjvm.dylib+0x2ed9d6]  JavaCalls::call_helper(JavaValue*, methodHandle*, JavaCallArguments*, Thread*)+0x6ae
V  [libjvm.dylib+0x2ee164]  JavaCalls::call_virtual(JavaValue*, KlassHandle, Symbol*, Symbol*, JavaCallArguments*, Thread*)+0x164
V  [libjvm.dylib+0x2ee310]  JavaCalls::call_virtual(JavaValue*, Handle, KlassHandle, Symbol*, Symbol*, Thread*)+0x4a
V  [libjvm.dylib+0x348a5d]  thread_entry(JavaThread*, Thread*)+0x7c
V  [libjvm.dylib+0x56ab0f]  JavaThread::thread_main_inner()+0x9b
V  [libjvm.dylib+0x56c1fc]  JavaThread::run()+0x1c2
V  [libjvm.dylib+0x48a5b2]  java_start(Thread*)+0xf6
C  [libsystem_pthread.dylib+0x399d]  _pthread_body+0x83
C  [libsystem_pthread.dylib+0x391a]  _pthread_body+0x0
C  [libsystem_pthread.dylib+0x1351]  thread_start+0xd
C  0x0000000000000000

Java frames: (J=compiled Java code, j=interpreted, Vv=VM code)
J 98  java.util.zip.ZipFile.getEntry(J[BZ)J (0 bytes) @ 0x000000010a30fed8 [0x000000010a30fe80+0x58]
J 2936 C2 java.util.zip.ZipFile.getEntry(Ljava/lang/String;)Ljava/util/zip/ZipEntry; (86 bytes) @ 0x000000010ac63220 [0x000000010ac62ec0+0x360]
J 1009 C2 sun.misc.URLClassPath$JarLoader.getResource(Ljava/lang/String;Z)Lsun/misc/Resource; (85 bytes) @ 0x000000010a564408 [0x000000010a564380+0x88]
J 5227 C2 java.net.URLClassLoader$1.run()Ljava/lang/Object; (5 bytes) @ 0x000000010b14a928 [0x000000010b14a340+0x5e8]
v  ~StubRoutines::call_stub
J 187  java.security.AccessController.doPrivileged(Ljava/security/PrivilegedExceptionAction;Ljava/security/AccessControlContext;)Ljava/lang/Object; (0 bytes) @ 0x000000010a358923 [0x000000010a3588c0+0x63]
J 363 C1 java.net.URLClassLoader.findClass(Ljava/lang/String;)Ljava/lang/Class; (47 bytes) @ 0x000000010a3cc854 [0x000000010a3cc6c0+0x194]
J 2582 C1 org.mule.module.launcher.FineGrainedControlClassLoader.findClass(Ljava/lang/String;)Ljava/lang/Class; (37 bytes) @ 0x000000010aade1bc [0x000000010aaddba0+0x61c]
J 5538 C2 org.mule.module.launcher.FineGrainedControlClassLoader.loadClass(Ljava/lang/String;Z)Ljava/lang/Class; (85 bytes) @ 0x000000010b1864c8 [0x000000010b1854a0+0x1028]
J 2470 C2 java.lang.ClassLoader.loadClass(Ljava/lang/String;)Ljava/lang/Class; (7 bytes) @ 0x000000010aa81820 [0x000000010aa817e0+0x40]
v  ~StubRoutines::call_stub
j  org.mule.modules.salesforce.generated.config.SfdcNamespaceHandler.init()V+1474
j  org.springframework.beans.factory.xml.DefaultNamespaceHandlerResolver.resolve(Ljava/lang/String;)Lorg/springframework/beans/factory/xml/NamespaceHandler;+125
j  org.mule.config.spring.MuleHierarchicalBeanDefinitionParserDelegate.parseCustomElement(Lorg/w3c/dom/Element;Lorg/springframework/beans/factory/config/BeanDefinition;)Lorg/springframework/beans/factory/config/BeanDefinition;+75
j  org.mule.config.spring.MuleHierarchicalBeanDefinitionParserDelegate.parseCustomElement(Lorg/w3c/dom/Element;Lorg/springframework/beans/factory/config/BeanDefinition;)Lorg/springframework/beans/factory/config/BeanDefinition;+307
j  org.springframework.beans.factory.xml.BeanDefinitionParserDelegate.parseCustomElement(Lorg/w3c/dom/Element;)Lorg/springframework/beans/factory/config/BeanDefinition;+3
j  org.springframework.beans.factory.xml.DefaultBeanDefinitionDocumentReader.parseBeanDefinitions(Lorg/w3c/dom/Element;Lorg/springframework/beans/factory/xml/BeanDefinitionParserDelegate;)V+91
j  org.mule.config.spring.MuleBeanDefinitionDocumentReader.parseBeanDefinitions(Lorg/w3c/dom/Element;Lorg/springframework/beans/factory/xml/BeanDefinitionParserDelegate;)V+28
j  org.springframework.beans.factory.xml.DefaultBeanDefinitionDocumentReader.doRegisterBeanDefinitions(Lorg/w3c/dom/Element;)V+83
j  org.springframework.beans.factory.xml.DefaultBeanDefinitionDocumentReader.registerBeanDefinitions(Lorg/w3c/dom/Document;Lorg/springframework/beans/factory/xml/XmlReaderContext;)V+25
j  org.springframework.beans.factory.xml.XmlBeanDefinitionReader.registerBeanDefinitions(Lorg/w3c/dom/Document;Lorg/springframework/core/io/Resource;)I+33
j  org.springframework.beans.factory.xml.XmlBeanDefinitionReader.doLoadBeanDefinitions(Lorg/xml/sax/InputSource;Lorg/springframework/core/io/Resource;)I+10
j  org.springframework.beans.factory.xml.XmlBeanDefinitionReader.loadBeanDefinitions(Lorg/springframework/core/io/support/EncodedResource;)I+166
j  org.springframework.beans.factory.xml.XmlBeanDefinitionReader.loadBeanDefinitions(Lorg/springframework/core/io/Resource;)I+9
j  org.springframework.beans.factory.support.AbstractBeanDefinitionReader.loadBeanDefinitions([Lorg/springframework/core/io/Resource;)I+34
j  org.mule.config.spring.MuleArtifactContext.loadBeanDefinitions(Lorg/springframework/beans/factory/support/DefaultListableBeanFactory;)V+21
j  org.springframework.context.support.AbstractRefreshableApplicationContext.refreshBeanFactory()V+35
j  org.springframework.context.support.AbstractApplicationContext.obtainFreshBeanFactory()Lorg/springframework/beans/factory/config/ConfigurableListableBeanFactory;+1
j  org.springframework.context.support.AbstractApplicationContext.refresh()V+12
j  org.mule.config.spring.SpringRegistry.doInitialise()V+14
j  org.mule.registry.AbstractRegistry.initialise()V+26
j  org.mule.config.spring.SpringXmlConfigurationBuilder.createSpringRegistry(Lorg/mule/api/MuleContext;Lorg/springframework/context/ApplicationContext;)V+91
j  org.mule.config.spring.SpringXmlConfigurationBuilder.doConfigure(Lorg/mule/api/MuleContext;)V+45
j  org.mule.config.builders.AbstractConfigurationBuilder.configure(Lorg/mule/api/MuleContext;)V+2
j  org.mule.config.builders.AbstractResourceConfigurationBuilder.configure(Lorg/mule/api/MuleContext;)V+22
j  org.mule.config.builders.AutoConfigurationBuilder.autoConfigure(Lorg/mule/api/MuleContext;[Lorg/mule/config/ConfigResource;)V+336
j  org.mule.config.builders.AutoConfigurationBuilder.doConfigure(Lorg/mule/api/MuleContext;)V+6
j  org.mule.config.builders.AbstractConfigurationBuilder.configure(Lorg/mule/api/MuleContext;)V+2
j  org.mule.config.builders.AbstractResourceConfigurationBuilder.configure(Lorg/mule/api/MuleContext;)V+22
j  org.mule.context.DefaultMuleContextFactory$1.configure(Lorg/mule/api/MuleContext;)V+31
j  org.mule.context.DefaultMuleContextFactory.doCreateMuleContext(Lorg/mule/api/context/MuleContextBuilder;Lorg/mule/context/DefaultMuleContextFactory$ContextConfigurator;)Lorg/mule/api/MuleContext;+24
j  org.mule.context.DefaultMuleContextFactory.createMuleContext(Ljava/util/List;Lorg/mule/api/context/MuleContextBuilder;)Lorg/mule/api/MuleContext;+11
j  org.mule.module.launcher.application.DefaultMuleApplication.init()V+161
j  org.mule.module.launcher.artifact.ArtifactWrapper$2.execute()V+7
j  org.mule.module.launcher.artifact.ArtifactWrapper.executeWithinArtifactClassLoader(Lorg/mule/module/launcher/artifact/ArtifactWrapper$ArtifactAction;)V+36
j  org.mule.module.launcher.artifact.ArtifactWrapper.init()V+9
j  org.mule.module.launcher.DefaultArtifactDeployer.deploy(Lorg/mule/module/launcher/artifact/Artifact;)V+7
j  org.mule.module.launcher.DefaultArchiveDeployer.deployArtifact(Lorg/mule/module/launcher/artifact/Artifact;)V+25
j  org.mule.module.launcher.DefaultArchiveDeployer.deployPackagedArtifact(Ljava/net/URL;)Lorg/mule/module/launcher/artifact/Artifact;+71
j  org.mule.module.launcher.DefaultArchiveDeployer.deployPackagedArtifact(Ljava/net/URL;Ljava/lang/String;)Lorg/mule/module/launcher/artifact/Artifact;+80
j  org.mule.module.launcher.DefaultArchiveDeployer.deployPackagedArtifact(Ljava/lang/String;)Lorg/mule/module/launcher/artifact/Artifact;+33
J 5415 C1 org.mule.module.launcher.DeploymentDirectoryWatcher.deployPackedApps([Ljava/lang/String;)V (44 bytes) @ 0x000000010a9330d4 [0x000000010a932f60+0x174]
J 5416 C1 org.mule.module.launcher.DeploymentDirectoryWatcher.run()V (323 bytes) @ 0x000000010aff458c [0x000000010aff23a0+0x21ec]
J 5368 C1 java.util.concurrent.Executors$RunnableAdapter.call()Ljava/lang/Object; (14 bytes) @ 0x000000010a668094 [0x000000010a667f80+0x114]
J 5367 C1 java.util.concurrent.FutureTask.runAndReset()Z (128 bytes) @ 0x000000010a61672c [0x000000010a6164c0+0x26c]
J 5358 C1 java.util.concurrent.ScheduledThreadPoolExecutor$ScheduledFutureTask.run()V (59 bytes) @ 0x000000010a66ea14 [0x000000010a66e4e0+0x534]
j  java.util.concurrent.ThreadPoolExecutor.runWorker(Ljava/util/concurrent/ThreadPoolExecutor$Worker;)V+95
j  java.util.concurrent.ThreadPoolExecutor$Worker.run()V+5
j  java.lang.Thread.run()V+11
v  ~StubRoutines::call_stub

---------------  P R O C E S S  ---------------

Java Threads: ( => current thread )
  0x00007fbde7ca7000 JavaThread "[saplesaleforceintegration].Mule.01" [_thread_blocked, id=29463, stack(0x0000700001c6e000,0x0000700001d6e000)]
  0x00007fbde7fca000 JavaThread "Log4j2-AsyncLoggerConfig-13" daemon [_thread_blocked, id=29971, stack(0x0000700001b6b000,0x0000700001c6b000)]
  0x00007fbde46e5800 JavaThread "Log4j2-AsyncLoggerConfig-12" daemon [_thread_blocked, id=33295, stack(0x0000700001965000,0x0000700001a65000)]
  0x00007fbde4f67800 JavaThread "Log4j2-AsyncLoggerConfig-11" daemon [_thread_blocked, id=23311, stack(0x0000700001a68000,0x0000700001b68000)]
  0x00007fbde807c000 JavaThread "Log4j2-AsyncLoggerConfig-10" daemon [_thread_blocked, id=19731, stack(0x0000700001862000,0x0000700001962000)]
  0x00007fbde4b2f000 JavaThread "Log4j2-AsyncLoggerConfig-8" daemon [_thread_blocked, id=31763, stack(0x000070000175f000,0x000070000185f000)]
  0x00007fbde7fdc000 JavaThread "Log4j2-AsyncLoggerConfig-6" daemon [_thread_blocked, id=28427, stack(0x0000700001559000,0x0000700001659000)]
  0x00007fbde9811000 JavaThread "Log4j2-AsyncLoggerConfig-4" daemon [_thread_blocked, id=27911, stack(0x000070000165c000,0x000070000175c000)]
  0x00007fbde9454800 JavaThread "logger.context.reaper" [_thread_blocked, id=23815, stack(0x0000700000932000,0x0000700000a32000)]
  0x00007fbde4d71800 JavaThread "DestroyJavaVM" [_thread_blocked, id=5891, stack(0x000070000011a000,0x000070000021a000)]
=>0x00007fbde9854800 JavaThread "Mule.app.deployer.monitor.1.thread.1" [_thread_in_native, id=12811, stack(0x000070000268c000,0x000070000278c000)]
  0x00007fbde5b98800 JavaThread "Log4j2-AsyncLoggerConfig-2" daemon [_thread_blocked, id=22787, stack(0x0000700001456000,0x0000700001556000)]
  0x00007fbde4de1800 JavaThread "agw-policy-watcher" [_thread_blocked, id=22275, stack(0x0000700001353000,0x0000700001453000)]
  0x00007fbde46ad800 JavaThread "MapDB writer #2" daemon [_thread_blocked, id=21763, stack(0x0000700001250000,0x0000700001350000)]
  0x00007fbde5ba2800 JavaThread "MapDB writer #1" daemon [_thread_blocked, id=21251, stack(0x000070000114d000,0x000070000124d000)]
  0x00007fbde4eb5800 JavaThread "Log4j2-AsyncLoggerConfig-1" daemon [_thread_blocked, id=20751, stack(0x000070000104a000,0x000070000114a000)]
  0x00007fbde500f000 JavaThread "Service Thread" daemon [_thread_blocked, id=18691, stack(0x0000700000e44000,0x0000700000f44000)]
  0x00007fbde4827800 JavaThread "C1 CompilerThread2" daemon [_thread_blocked, id=18179, stack(0x0000700000d41000,0x0000700000e41000)]
  0x00007fbde404c800 JavaThread "C2 CompilerThread1" daemon [_thread_blocked, id=17667, stack(0x0000700000c3e000,0x0000700000d3e000)]
  0x00007fbde4826800 JavaThread "C2 CompilerThread0" daemon [_thread_blocked, id=17155, stack(0x0000700000b3b000,0x0000700000c3b000)]
  0x00007fbde4800000 JavaThread "Signal Dispatcher" daemon [_thread_blocked, id=14351, stack(0x0000700000a38000,0x0000700000b38000)]
  0x00007fbde500a000 JavaThread "Finalizer" daemon [_thread_blocked, id=12291, stack(0x000070000082f000,0x000070000092f000)]
  0x00007fbde4037800 JavaThread "Reference Handler" daemon [_thread_blocked, id=11779, stack(0x000070000072c000,0x000070000082c000)]

Other Threads:
  0x00007fbde5003000 VMThread [stack: 0x0000700000629000,0x0000700000729000] [id=11267]
  0x00007fbde5822800 WatcherThread [stack: 0x0000700000f47000,0x0000700001047000] [id=19203]

VM state:not at safepoint (normal execution)

VM Mutex/Monitor currently owned by a thread: None

Heap:
 PSYoungGen      total 308224K, used 82139K [0x0000000795580000, 0x00000007acf00000, 0x00000007c0000000)
  eden space 261120K, 13% used [0x0000000795580000,0x00000007977bc928,0x00000007a5480000)
  from space 47104K, 99% used [0x00000007aa100000,0x00000007acefa6d0,0x00000007acf00000)
  to   space 56320K, 0% used [0x00000007a6100000,0x00000007a6100000,0x00000007a9800000)
 ParOldGen       total 158208K, used 84475K [0x0000000740000000, 0x0000000749a80000, 0x0000000795580000)
  object space 158208K, 53% used [0x0000000740000000,0x000000074527ef58,0x0000000749a80000)
 Metaspace       used 40173K, capacity 40623K, committed 40960K, reserved 1085440K
  class space    used 5200K, capacity 5365K, committed 5376K, reserved 1048576K

Card table byte_map: [0x00000001195a0000,0x00000001199a1000] byte_map_base: 0x0000000115ba0000

Marking Bits: (ParMarkBitMap*) 0x0000000109af0d30
 Begin Bits: [0x0000000119c4c000, 0x000000011bc4c000)
 End Bits:   [0x000000011bc4c000, 0x000000011dc4c000)

Polling page: 0x00000001089f0000

CodeCache: size=245760Kb used=16757Kb max_used=16772Kb free=229002Kb
 bounds [0x000000010a1e0000, 0x000000010b260000, 0x00000001191e0000]
 total_blobs=5286 nmethods=4802 adapters=397
 compilation: enabled

Compilation events (10 events):
Event: 2333.501 Thread 0x00007fbde4827800 5699       3       java.util.regex.Pattern$Prolog::study (9 bytes)
Event: 2333.501 Thread 0x00007fbde4827800 nmethod 5699 0x000000010b24fc50 code [0x000000010b24fdc0, 0x000000010b24ffe8]
Event: 2333.503 Thread 0x00007fbde4827800 5700       3       java.util.regex.Pattern$LazyLoop::study (12 bytes)
Event: 2333.504 Thread 0x00007fbde4827800 nmethod 5700 0x000000010b234f10 code [0x000000010b235080, 0x000000010b2351f0]
Event: 2333.510 Thread 0x00007fbde4827800 5701       3       java.util.regex.Pattern::newSingle (98 bytes)
Event: 2333.510 Thread 0x00007fbde4826800 5703       4       java.util.regex.Pattern::closure (477 bytes)
Event: 2333.511 Thread 0x00007fbde4827800 nmethod 5701 0x000000010b237bd0 code [0x000000010b237ea0, 0x000000010b2392d8]
Event: 2333.511 Thread 0x00007fbde4827800 5702       3       java.util.regex.Pattern::accept (43 bytes)
Event: 2333.512 Thread 0x00007fbde4827800 nmethod 5702 0x000000010b24f490 code [0x000000010b24f640, 0x000000010b24fa58]
Event: 2333.530 Thread 0x00007fbde404c800 5704       4       java.util.regex.Pattern::compile (406 bytes)

GC Heap History (10 events):
Event: 8.099 GC heap before
{Heap before GC invocations=10 (full 2):
 PSYoungGen      total 268800K, used 12259K [0x0000000795580000, 0x00000007a8a00000, 0x00000007c0000000)
  eden space 246272K, 0% used [0x0000000795580000,0x0000000795580000,0x00000007a4600000)
  from space 22528K, 54% used [0x00000007a5b80000,0x00000007a6778fa0,0x00000007a7180000)
  to   space 22016K, 0% used [0x00000007a4600000,0x00000007a4600000,0x00000007a5b80000)
 ParOldGen       total 113152K, used 37601K [0x0000000740000000, 0x0000000746e80000, 0x0000000795580000)
  object space 113152K, 33% used [0x0000000740000000,0x00000007424b8598,0x0000000746e80000)
 Metaspace       used 34748K, capacity 35035K, committed 35416K, reserved 1079296K
  class space    used 4642K, capacity 4748K, committed 4864K, reserved 1048576K
Event: 8.301 GC heap after
Heap after GC invocations=10 (full 2):
 PSYoungGen      total 268800K, used 0K [0x0000000795580000, 0x00000007a8a00000, 0x00000007c0000000)
  eden space 246272K, 0% used [0x0000000795580000,0x0000000795580000,0x00000007a4600000)
  from space 22528K, 0% used [0x00000007a5b80000,0x00000007a5b80000,0x00000007a7180000)
  to   space 22016K, 0% used [0x00000007a4600000,0x00000007a4600000,0x00000007a5b80000)
 ParOldGen       total 158208K, used 42152K [0x0000000740000000, 0x0000000749a80000, 0x0000000795580000)
  object space 158208K, 26% used [0x0000000740000000,0x000000074292a3e0,0x0000000749a80000)
 Metaspace       used 34748K, capacity 35035K, committed 35416K, reserved 1079296K
  class space    used 4642K, capacity 4748K, committed 4864K, reserved 1048576K
}
Event: 243.481 GC heap before
{Heap before GC invocations=11 (full 2):
 PSYoungGen      total 268800K, used 246272K [0x0000000795580000, 0x00000007a8a00000, 0x00000007c0000000)
  eden space 246272K, 100% used [0x0000000795580000,0x00000007a4600000,0x00000007a4600000)
  from space 22528K, 0% used [0x00000007a5b80000,0x00000007a5b80000,0x00000007a7180000)
  to   space 22016K, 0% used [0x00000007a4600000,0x00000007a4600000,0x00000007a5b80000)
 ParOldGen       total 158208K, used 42152K [0x0000000740000000, 0x0000000749a80000, 0x0000000795580000)
  object space 158208K, 26% used [0x0000000740000000,0x000000074292a3e0,0x0000000749a80000)
 Metaspace       used 38473K, capacity 38863K, committed 39296K, reserved 1083392K
  class space    used 5089K, capacity 5230K, committed 5248K, reserved 1048576K
Event: 243.526 GC heap after
Heap after GC invocations=11 (full 2):
 PSYoungGen      total 268288K, used 21960K [0x0000000795580000, 0x00000007a9500000, 0x00000007c0000000)
  eden space 246272K, 0% used [0x0000000795580000,0x0000000795580000,0x00000007a4600000)
  from space 22016K, 99% used [0x00000007a4600000,0x00000007a5b720e0,0x00000007a5b80000)
  to   space 25088K, 0% used [0x00000007a7c80000,0x00000007a7c80000,0x00000007a9500000)
 ParOldGen       total 158208K, used 42160K [0x0000000740000000, 0x0000000749a80000, 0x0000000795580000)
  object space 158208K, 26% used [0x0000000740000000,0x000000074292c3e0,0x0000000749a80000)
 Metaspace       used 38473K, capacity 38863K, committed 39296K, reserved 1083392K
  class space    used 5089K, capacity 5230K, committed 5248K, reserved 1048576K
}
Event: 436.879 GC heap before
{Heap before GC invocations=12 (full 2):
 PSYoungGen      total 268288K, used 268232K [0x0000000795580000, 0x00000007a9500000, 0x00000007c0000000)
  eden space 246272K, 100% used [0x0000000795580000,0x00000007a4600000,0x00000007a4600000)
  from space 22016K, 99% used [0x00000007a4600000,0x00000007a5b720e0,0x00000007a5b80000)
  to   space 25088K, 0% used [0x00000007a7c80000,0x00000007a7c80000,0x00000007a9500000)
 ParOldGen       total 158208K, used 42160K [0x0000000740000000, 0x0000000749a80000, 0x0000000795580000)
  object space 158208K, 26% used [0x0000000740000000,0x000000074292c3e0,0x0000000749a80000)
 Metaspace       used 38869K, capacity 39297K, committed 39552K, reserved 1083392K
  class space    used 5103K, capacity 5239K, committed 5248K, reserved 1048576K
Event: 436.953 GC heap after
Heap after GC invocations=12 (full 2):
 PSYoungGen      total 295936K, used 25056K [0x0000000795580000, 0x00000007a9900000, 0x00000007c0000000)
  eden space 270848K, 0% used [0x0000000795580000,0x0000000795580000,0x00000007a5e00000)
  from space 25088K, 99% used [0x00000007a7c80000,0x00000007a94f8360,0x00000007a9500000)
  to   space 30208K, 0% used [0x00000007a5e00000,0x00000007a5e00000,0x00000007a7b80000)
 ParOldGen       total 158208K, used 46444K [0x0000000740000000, 0x0000000749a80000, 0x0000000795580000)
  object space 158208K, 29% used [0x0000000740000000,0x0000000742d5b058,0x0000000749a80000)
 Metaspace       used 38869K, capacity 39297K, committed 39552K, reserved 1083392K
  class space    used 5103K, capacity 5239K, committed 5248K, reserved 1048576K
}
Event: 601.917 GC heap before
{Heap before GC invocations=13 (full 2):
 PSYoungGen      total 295936K, used 295904K [0x0000000795580000, 0x00000007a9900000, 0x00000007c0000000)
  eden space 270848K, 100% used [0x0000000795580000,0x00000007a5e00000,0x00000007a5e00000)
  from space 25088K, 99% used [0x00000007a7c80000,0x00000007a94f8360,0x00000007a9500000)
  to   space 30208K, 0% used [0x00000007a5e00000,0x00000007a5e00000,0x00000007a7b80000)
 ParOldGen       total 158208K, used 46444K [0x0000000740000000, 0x0000000749a80000, 0x0000000795580000)
  object space 158208K, 29% used [0x0000000740000000,0x0000000742d5b058,0x0000000749a80000)
 Metaspace       used 39209K, capacity 39605K, committed 39808K, reserved 1083392K
  class space    used 5110K, capacity 5247K, committed 5248K, reserved 1048576K
Event: 602.051 GC heap after
Heap after GC invocations=13 (full 2):
 PSYoungGen      total 301056K, used 30177K [0x0000000795580000, 0x00000007acf00000, 0x00000007c0000000)
  eden space 270848K, 0% used [0x0000000795580000,0x0000000795580000,0x00000007a5e00000)
  from space 30208K, 99% used [0x00000007a5e00000,0x00000007a7b78460,0x00000007a7b80000)
  to   space 47104K, 0% used [0x00000007aa100000,0x00000007aa100000,0x00000007acf00000)
 ParOldGen       total 158208K, used 79531K [0x0000000740000000, 0x0000000749a80000, 0x0000000795580000)
  object space 158208K, 50% used [0x0000000740000000,0x0000000744daad40,0x0000000749a80000)
 Metaspace       used 39209K, capacity 39605K, committed 39808K, reserved 1083392K
  class space    used 5110K, capacity 5247K, committed 5248K, reserved 1048576K
}
Event: 2333.134 GC heap before
{Heap before GC invocations=14 (full 2):
 PSYoungGen      total 301056K, used 301025K [0x0000000795580000, 0x00000007acf00000, 0x00000007c0000000)
  eden space 270848K, 100% used [0x0000000795580000,0x00000007a5e00000,0x00000007a5e00000)
  from space 30208K, 99% used [0x00000007a5e00000,0x00000007a7b78460,0x00000007a7b80000)
  to   space 47104K, 0% used [0x00000007aa100000,0x00000007aa100000,0x00000007acf00000)
 ParOldGen       total 158208K, used 79531K [0x0000000740000000, 0x0000000749a80000, 0x0000000795580000)
  object space 158208K, 50% used [0x0000000740000000,0x0000000744daad40,0x0000000749a80000)
 Metaspace       used 39819K, capacity 40215K, committed 40448K, reserved 1085440K
  class space    used 5149K, capacity 5293K, committed 5376K, reserved 1048576K
Event: 2333.244 GC heap after
Heap after GC invocations=14 (full 2):
 PSYoungGen      total 308224K, used 47081K [0x0000000795580000, 0x00000007acf00000, 0x00000007c0000000)
  eden space 261120K, 0% used [0x0000000795580000,0x0000000795580000,0x00000007a5480000)
  from space 47104K, 99% used [0x00000007aa100000,0x00000007acefa6d0,0x00000007acf00000)
  to   space 56320K, 0% used [0x00000007a6100000,0x00000007a6100000,0x00000007a9800000)
 ParOldGen       total 158208K, used 84475K [0x0000000740000000, 0x0000000749a80000, 0x0000000795580000)
  object space 158208K, 53% used [0x0000000740000000,0x000000074527ef58,0x0000000749a80000)
 Metaspace       used 39819K, capacity 40215K, committed 40448K, reserved 1085440K
  class space    used 5149K, capacity 5293K, committed 5376K, reserved 1048576K
}

Deoptimization events (10 events):
Event: 2332.013 Thread 0x00007fbde40af800 Uncommon trap: reason=unstable_if action=reinterpret pc=0x000000010a63af68 method=java.util.concurrent.locks.AbstractQueuedSynchronizer$ConditionObject.checkInterruptWhileWaiting(Ljava/util/concurrent/locks/AbstractQueuedSynchronizer$Node;)I @ 3
Event: 2332.013 Thread 0x00007fbde49bc000 Uncommon trap: reason=unstable_if action=reinterpret pc=0x000000010a63af68 method=java.util.concurrent.locks.AbstractQueuedSynchronizer$ConditionObject.checkInterruptWhileWaiting(Ljava/util/concurrent/locks/AbstractQueuedSynchronizer$Node;)I @ 3
Event: 2332.013 Thread 0x00007fbde9a30000 Uncommon trap: reason=unstable_if action=reinterpret pc=0x000000010a63af68 method=java.util.concurrent.locks.AbstractQueuedSynchronizer$ConditionObject.checkInterruptWhileWaiting(Ljava/util/concurrent/locks/AbstractQueuedSynchronizer$Node;)I @ 3
Event: 2332.013 Thread 0x00007fbde4fe5800 Uncommon trap: reason=unstable_if action=reinterpret pc=0x000000010a63af68 method=java.util.concurrent.locks.AbstractQueuedSynchronizer$ConditionObject.checkInterruptWhileWaiting(Ljava/util/concurrent/locks/AbstractQueuedSynchronizer$Node;)I @ 3
Event: 2332.250 Thread 0x00007fbde9854800 Uncommon trap: reason=speculate_class_check action=maybe_recompile pc=0x000000010a78c8e0 method=org.mule.module.launcher.log4j2.ArtifactAwareContextSelector.resolveLoggerContextClassLoader(Ljava/lang/ClassLoader;)Ljava/lang/ClassLoader; @ 16
Event: 2332.553 Thread 0x00007fbde9854800 Uncommon trap: reason=unstable_if action=reinterpret pc=0x000000010ad297d0 method=sun.misc.URLClassPath.getNextLoader([II)Lsun/misc/URLClassPath$Loader; @ 4
Event: 2333.270 Thread 0x00007fbde9854800 Uncommon trap: reason=unstable_if action=reinterpret pc=0x000000010ada09c4 method=org.apache.xerces.util.NamespaceSupport.getAllPrefixes()Ljava/util/Enumeration; @ 64
Event: 2333.274 Thread 0x00007fbde9854800 Uncommon trap: reason=unstable_if action=reinterpret pc=0x000000010b20cd0c method=org.apache.xerces.impl.XMLDocumentFragmentScannerImpl$FragmentContentDispatcher.dispatch(Z)Z @ 128
Event: 2333.279 Thread 0x00007fbde9854800 Uncommon trap: reason=unstable_if action=reinterpret pc=0x000000010b0df85c method=org.apache.xerces.impl.XMLDocumentFragmentScannerImpl$FragmentContentDispatcher.dispatch(Z)Z @ 128
Event: 2333.280 Thread 0x00007fbde9854800 Uncommon trap: reason=unstable_if action=reinterpret pc=0x000000010a9df070 method=org.apache.xerces.impl.xs.opti.SchemaDOM.characters(Lorg/apache/xerces/xni/XMLString;)V @ 25

Internal exceptions (10 events):
Event: 2332.872 Thread 0x00007fbde7fca000 Exception <a 'java/io/IOException'> (0x00000007a2502940) thrown at [/Users/java_re/workspace/8-2-build-macosx-x86_64/jdk8u121/8372/hotspot/src/share/vm/prims/jni.cpp, line 709]
Event: 2332.872 Thread 0x00007fbde7fca000 Exception <a 'java/io/IOException'> (0x00000007a2503730) thrown at [/Users/java_re/workspace/8-2-build-macosx-x86_64/jdk8u121/8372/hotspot/src/share/vm/prims/jni.cpp, line 709]
Event: 2332.872 Thread 0x00007fbde7fca000 Exception <a 'java/io/IOException'> (0x00000007a2504520) thrown at [/Users/java_re/workspace/8-2-build-macosx-x86_64/jdk8u121/8372/hotspot/src/share/vm/prims/jni.cpp, line 709]
Event: 2332.872 Thread 0x00007fbde7fca000 Exception <a 'java/io/IOException'> (0x00000007a2505310) thrown at [/Users/java_re/workspace/8-2-build-macosx-x86_64/jdk8u121/8372/hotspot/src/share/vm/prims/jni.cpp, line 709]
Event: 2332.872 Thread 0x00007fbde4eb5800 Exception <a 'java/io/IOException'> (0x000000079bf74090) thrown at [/Users/java_re/workspace/8-2-build-macosx-x86_64/jdk8u121/8372/hotspot/src/share/vm/prims/jni.cpp, line 709]
Event: 2332.876 Thread 0x00007fbde7fca000 Exception <a 'java/io/IOException'> (0x00000007a2505e88) thrown at [/Users/java_re/workspace/8-2-build-macosx-x86_64/jdk8u121/8372/hotspot/src/share/vm/prims/jni.cpp, line 709]
Event: 2332.880 Thread 0x00007fbde7fca000 Exception <a 'java/io/IOException'> (0x00000007a2506b58) thrown at [/Users/java_re/workspace/8-2-build-macosx-x86_64/jdk8u121/8372/hotspot/src/share/vm/prims/jni.cpp, line 709]
Event: 2332.916 Thread 0x00007fbde7fca000 Exception <a 'java/io/IOException'> (0x00000007a25077c0) thrown at [/Users/java_re/workspace/8-2-build-macosx-x86_64/jdk8u121/8372/hotspot/src/share/vm/prims/jni.cpp, line 709]
Event: 2332.916 Thread 0x00007fbde7fca000 Exception <a 'java/io/IOException'> (0x00000007a25083a0) thrown at [/Users/java_re/workspace/8-2-build-macosx-x86_64/jdk8u121/8372/hotspot/src/share/vm/prims/jni.cpp, line 709]
Event: 2332.920 Thread 0x00007fbde7fca000 Exception <a 'java/io/IOException'> (0x00000007a2509430) thrown at [/Users/java_re/workspace/8-2-build-macosx-x86_64/jdk8u121/8372/hotspot/src/share/vm/prims/jni.cpp, line 709]

Events (10 events):
Event: 2333.523 loading class org/mule/modules/salesforce/generated/config/RenameMetadataDefinitionParser
Event: 2333.523 loading class org/mule/modules/salesforce/generated/config/RenameMetadataDefinitionParser done
Event: 2333.526 loading class org/slf4j/ext/EventData
Event: 2333.526 loading class org/slf4j/ext/EventData done
Event: 2333.527 loading class org/mule/modules/salesforce/generated/config/ReadMetadataDefinitionParser
Event: 2333.527 loading class org/mule/modules/salesforce/generated/config/ReadMetadataDefinitionParser done
Event: 2333.528 loading class org/slf4j/ext/EventData
Event: 2333.528 loading class org/slf4j/ext/EventData done
Event: 2333.530 loading class org/mule/modules/salesforce/generated/config/ListMetadataDefinitionParser
Event: 2333.530 loading class org/mule/modules/salesforce/generated/config/ListMetadataDefinitionParser done


Dynamic libraries:
0x0000000008e58000 	/System/Library/Frameworks/Cocoa.framework/Versions/A/Cocoa
0x0000000008e58000 	/System/Library/Frameworks/Security.framework/Versions/A/Security
0x0000000008e58000 	/System/Library/Frameworks/ApplicationServices.framework/Versions/A/ApplicationServices
0x0000000008e58000 	/usr/lib/libz.1.dylib
0x0000000008e58000 	/usr/lib/libSystem.B.dylib
0x0000000008e58000 	/usr/lib/libobjc.A.dylib
0x0000000008e58000 	/System/Library/Frameworks/CoreFoundation.framework/Versions/A/CoreFoundation
0x0000000008e58000 	/System/Library/Frameworks/Foundation.framework/Versions/C/Foundation
0x0000000008e58000 	/System/Library/Frameworks/AppKit.framework/Versions/C/AppKit
0x0000000008e58000 	/System/Library/Frameworks/CoreData.framework/Versions/A/CoreData
0x0000000008e58000 	/System/Library/PrivateFrameworks/RemoteViewServices.framework/Versions/A/RemoteViewServices
0x0000000008e58000 	/System/Library/PrivateFrameworks/UIFoundation.framework/Versions/A/UIFoundation
0x0000000008e58000 	/usr/lib/libScreenReader.dylib
0x0000000008e58000 	/System/Library/Frameworks/Accelerate.framework/Versions/A/Accelerate
0x0000000008e58000 	/System/Library/Frameworks/IOSurface.framework/Versions/A/IOSurface
0x0000000008e58000 	/System/Library/Frameworks/AudioToolbox.framework/Versions/A/AudioToolbox
0x0000000008e58000 	/System/Library/Frameworks/AudioUnit.framework/Versions/A/AudioUnit
0x0000000008e58000 	/System/Library/PrivateFrameworks/DataDetectorsCore.framework/Versions/A/DataDetectorsCore
0x0000000008e58000 	/System/Library/PrivateFrameworks/DesktopServicesPriv.framework/Versions/A/DesktopServicesPriv
0x0000000008e58000 	/System/Library/Frameworks/Carbon.framework/Versions/A/Frameworks/HIToolbox.framework/Versions/A/HIToolbox
0x0000000008e58000 	/System/Library/Frameworks/QuartzCore.framework/Versions/A/QuartzCore
0x0000000008e58000 	/System/Library/Frameworks/Carbon.framework/Versions/A/Frameworks/SpeechRecognition.framework/Versions/A/SpeechRecognition
0x0000000008e58000 	/usr/lib/libauto.dylib
0x0000000008e58000 	/usr/lib/libicucore.A.dylib
0x0000000008e58000 	/usr/lib/libxml2.2.dylib
0x0000000008e58000 	/System/Library/PrivateFrameworks/CoreUI.framework/Versions/A/CoreUI
0x0000000008e58000 	/System/Library/Frameworks/CoreAudio.framework/Versions/A/CoreAudio
0x0000000008e58000 	/System/Library/Frameworks/DiskArbitration.framework/Versions/A/DiskArbitration
0x0000000008e58000 	/usr/lib/liblangid.dylib
0x0000000008e58000 	/System/Library/PrivateFrameworks/MultitouchSupport.framework/Versions/A/MultitouchSupport
0x0000000008e58000 	/System/Library/Frameworks/IOKit.framework/Versions/A/IOKit
0x0000000008e58000 	/usr/lib/libDiagnosticMessagesClient.dylib
0x0000000008e58000 	/System/Library/Frameworks/CoreServices.framework/Versions/A/CoreServices
0x0000000008e58000 	/System/Library/PrivateFrameworks/PerformanceAnalysis.framework/Versions/A/PerformanceAnalysis
0x0000000008e58000 	/System/Library/PrivateFrameworks/GenerationalStorage.framework/Versions/A/GenerationalStorage
0x0000000008e58000 	/System/Library/Frameworks/OpenGL.framework/Versions/A/OpenGL
0x0000000008e58000 	/System/Library/PrivateFrameworks/Sharing.framework/Versions/A/Sharing
0x0000000008e58000 	/System/Library/Frameworks/CoreGraphics.framework/Versions/A/CoreGraphics
0x0000000008e58000 	/System/Library/Frameworks/CoreImage.framework/Versions/A/CoreImage
0x0000000008e58000 	/System/Library/Frameworks/CoreText.framework/Versions/A/CoreText
0x0000000008e58000 	/System/Library/Frameworks/ImageIO.framework/Versions/A/ImageIO
0x0000000008e58000 	/System/Library/PrivateFrameworks/Backup.framework/Versions/A/Backup
0x0000000008e58000 	/usr/lib/libextension.dylib
0x0000000008e58000 	/usr/lib/libarchive.2.dylib
0x0000000008e58000 	/System/Library/Frameworks/CFNetwork.framework/Versions/A/CFNetwork
0x0000000008e58000 	/System/Library/Frameworks/SystemConfiguration.framework/Versions/A/SystemConfiguration
0x0000000008e58000 	/usr/lib/libCRFSuite.dylib
0x0000000008e58000 	/usr/lib/libc++.1.dylib
0x0000000008e58000 	/usr/lib/libc++abi.dylib
0x0000000008e58000 	/usr/lib/system/libcache.dylib
0x0000000008e58000 	/usr/lib/system/libcommonCrypto.dylib
0x0000000008e58000 	/usr/lib/system/libcompiler_rt.dylib
0x0000000008e58000 	/usr/lib/system/libcopyfile.dylib
0x0000000008e58000 	/usr/lib/system/libcorecrypto.dylib
0x0000000008e58000 	/usr/lib/system/libdispatch.dylib
0x0000000008e58000 	/usr/lib/system/libdyld.dylib
0x0000000008e58000 	/usr/lib/system/libkeymgr.dylib
0x0000000008e58000 	/usr/lib/system/liblaunch.dylib
0x0000000008e58000 	/usr/lib/system/libmacho.dylib
0x0000000008e58000 	/usr/lib/system/libquarantine.dylib
0x0000000008e58000 	/usr/lib/system/libremovefile.dylib
0x0000000008e58000 	/usr/lib/system/libsystem_asl.dylib
0x0000000008e58000 	/usr/lib/system/libsystem_blocks.dylib
0x0000000008e58000 	/usr/lib/system/libsystem_c.dylib
0x0000000008e58000 	/usr/lib/system/libsystem_configuration.dylib
0x0000000008e58000 	/usr/lib/system/libsystem_coreservices.dylib
0x0000000008e58000 	/usr/lib/system/libsystem_coretls.dylib
0x0000000008e58000 	/usr/lib/system/libsystem_dnssd.dylib
0x0000000008e58000 	/usr/lib/system/libsystem_info.dylib
0x0000000008e58000 	/usr/lib/system/libsystem_kernel.dylib
0x0000000008e58000 	/usr/lib/system/libsystem_m.dylib
0x0000000008e58000 	/usr/lib/system/libsystem_malloc.dylib
0x0000000008e58000 	/usr/lib/system/libsystem_network.dylib
0x0000000008e58000 	/usr/lib/system/libsystem_networkextension.dylib
0x0000000008e58000 	/usr/lib/system/libsystem_notify.dylib
0x0000000008e58000 	/usr/lib/system/libsystem_platform.dylib
0x0000000008e58000 	/usr/lib/system/libsystem_pthread.dylib
0x0000000008e58000 	/usr/lib/system/libsystem_sandbox.dylib
0x0000000008e58000 	/usr/lib/system/libsystem_secinit.dylib
0x0000000008e58000 	/usr/lib/system/libsystem_trace.dylib
0x0000000008e58000 	/usr/lib/system/libunc.dylib
0x0000000008e58000 	/usr/lib/system/libunwind.dylib
0x0000000008e58000 	/usr/lib/system/libxpc.dylib
0x0000000008e58000 	/usr/lib/libenergytrace.dylib
0x0000000008e58000 	/usr/lib/libbsm.0.dylib
0x0000000008e58000 	/usr/lib/system/libkxld.dylib
0x0000000008e58000 	/usr/lib/libxar.1.dylib
0x0000000008e58000 	/usr/lib/libsqlite3.dylib
0x0000000008e58000 	/usr/lib/libpam.2.dylib
0x0000000008e58000 	/usr/lib/libOpenScriptingUtil.dylib
0x0000000008e58000 	/usr/lib/libbz2.1.0.dylib
0x0000000008e58000 	/usr/lib/liblzma.5.dylib
0x0000000008e58000 	/System/Library/Frameworks/CoreServices.framework/Versions/A/Frameworks/FSEvents.framework/Versions/A/FSEvents
0x0000000008e58000 	/System/Library/Frameworks/CoreServices.framework/Versions/A/Frameworks/CarbonCore.framework/Versions/A/CarbonCore
0x0000000008e58000 	/System/Library/Frameworks/CoreServices.framework/Versions/A/Frameworks/Metadata.framework/Versions/A/Metadata
0x0000000008e58000 	/System/Library/Frameworks/CoreServices.framework/Versions/A/Frameworks/OSServices.framework/Versions/A/OSServices
0x0000000008e58000 	/System/Library/Frameworks/CoreServices.framework/Versions/A/Frameworks/SearchKit.framework/Versions/A/SearchKit
0x0000000008e58000 	/System/Library/Frameworks/CoreServices.framework/Versions/A/Frameworks/AE.framework/Versions/A/AE
0x0000000008e58000 	/System/Library/Frameworks/CoreServices.framework/Versions/A/Frameworks/LaunchServices.framework/Versions/A/LaunchServices
0x0000000008e58000 	/System/Library/Frameworks/CoreServices.framework/Versions/A/Frameworks/DictionaryServices.framework/Versions/A/DictionaryServices
0x0000000008e58000 	/System/Library/Frameworks/CoreServices.framework/Versions/A/Frameworks/SharedFileList.framework/Versions/A/SharedFileList
0x0000000008e58000 	/System/Library/Frameworks/NetFS.framework/Versions/A/NetFS
0x0000000008e58000 	/System/Library/PrivateFrameworks/NetAuth.framework/Versions/A/NetAuth
0x0000000008e58000 	/System/Library/PrivateFrameworks/login.framework/Versions/A/Frameworks/loginsupport.framework/Versions/A/loginsupport
0x0000000008e58000 	/System/Library/PrivateFrameworks/TCC.framework/Versions/A/TCC
0x0000000008e58000 	/usr/lib/libmecabra.dylib
0x0000000008e58000 	/System/Library/Frameworks/ApplicationServices.framework/Versions/A/Frameworks/ATS.framework/Versions/A/ATS
0x0000000008e58000 	/System/Library/Frameworks/ApplicationServices.framework/Versions/A/Frameworks/ColorSync.framework/Versions/A/ColorSync
0x0000000008e58000 	/System/Library/Frameworks/ApplicationServices.framework/Versions/A/Frameworks/HIServices.framework/Versions/A/HIServices
0x0000000008e58000 	/System/Library/Frameworks/ApplicationServices.framework/Versions/A/Frameworks/LangAnalysis.framework/Versions/A/LangAnalysis
0x0000000008e58000 	/System/Library/Frameworks/ApplicationServices.framework/Versions/A/Frameworks/PrintCore.framework/Versions/A/PrintCore
0x0000000008e58000 	/System/Library/Frameworks/ApplicationServices.framework/Versions/A/Frameworks/QD.framework/Versions/A/QD
0x0000000008e58000 	/System/Library/Frameworks/ApplicationServices.framework/Versions/A/Frameworks/SpeechSynthesis.framework/Versions/A/SpeechSynthesis
0x0000000008e58000 	/System/Library/Frameworks/Metal.framework/Versions/A/Metal
0x0000000008e58000 	/System/Library/Frameworks/Accelerate.framework/Versions/A/Frameworks/vImage.framework/Versions/A/vImage
0x0000000008e58000 	/System/Library/Frameworks/Accelerate.framework/Versions/A/Frameworks/vecLib.framework/Versions/A/vecLib
0x0000000008e58000 	/System/Library/Frameworks/Accelerate.framework/Versions/A/Frameworks/vecLib.framework/Versions/A/libvDSP.dylib
0x0000000008e58000 	/System/Library/Frameworks/Accelerate.framework/Versions/A/Frameworks/vecLib.framework/Versions/A/libvMisc.dylib
0x0000000008e58000 	/System/Library/Frameworks/Accelerate.framework/Versions/A/Frameworks/vecLib.framework/Versions/A/libLAPACK.dylib
0x0000000008e58000 	/System/Library/Frameworks/Accelerate.framework/Versions/A/Frameworks/vecLib.framework/Versions/A/libBLAS.dylib
0x0000000008e58000 	/System/Library/Frameworks/Accelerate.framework/Versions/A/Frameworks/vecLib.framework/Versions/A/libLinearAlgebra.dylib
0x0000000008e58000 	/System/Library/Frameworks/Accelerate.framework/Versions/A/Frameworks/vecLib.framework/Versions/A/libSparseBLAS.dylib
0x0000000008e58000 	/System/Library/PrivateFrameworks/GPUCompiler.framework/libmetal_timestamp.dylib
0x0000000008e58000 	/System/Library/Frameworks/OpenGL.framework/Versions/A/Libraries/libCoreFSCache.dylib
0x0000000008e58000 	/System/Library/PrivateFrameworks/IOAccelerator.framework/Versions/A/IOAccelerator
0x0000000008e58000 	/System/Library/Frameworks/ApplicationServices.framework/Versions/A/Frameworks/ATS.framework/Versions/A/Resources/libFontParser.dylib
0x0000000008e58000 	/System/Library/Frameworks/ApplicationServices.framework/Versions/A/Frameworks/ATS.framework/Versions/A/Resources/libFontRegistry.dylib
0x0000000008e58000 	/System/Library/PrivateFrameworks/AppleVPA.framework/Versions/A/AppleVPA
0x0000000008e58000 	/System/Library/PrivateFrameworks/AppleJPEG.framework/Versions/A/AppleJPEG
0x0000000008e58000 	/System/Library/Frameworks/ImageIO.framework/Versions/A/Resources/libJPEG.dylib
0x0000000008e58000 	/System/Library/Frameworks/ImageIO.framework/Versions/A/Resources/libTIFF.dylib
0x0000000008e58000 	/System/Library/Frameworks/ImageIO.framework/Versions/A/Resources/libPng.dylib
0x0000000008e58000 	/System/Library/Frameworks/ImageIO.framework/Versions/A/Resources/libGIF.dylib
0x0000000008e58000 	/System/Library/Frameworks/ImageIO.framework/Versions/A/Resources/libJP2.dylib
0x0000000008e58000 	/System/Library/Frameworks/ImageIO.framework/Versions/A/Resources/libRadiance.dylib
0x0000000008e58000 	/System/Library/Frameworks/CoreVideo.framework/Versions/A/CoreVideo
0x0000000008e58000 	/System/Library/Frameworks/OpenGL.framework/Versions/A/Libraries/libGLU.dylib
0x0000000008e58000 	/System/Library/Frameworks/OpenGL.framework/Versions/A/Libraries/libGFXShared.dylib
0x0000000008e58000 	/System/Library/Frameworks/OpenGL.framework/Versions/A/Libraries/libGL.dylib
0x0000000008e58000 	/System/Library/Frameworks/OpenGL.framework/Versions/A/Libraries/libGLImage.dylib
0x0000000008e58000 	/System/Library/Frameworks/OpenGL.framework/Versions/A/Libraries/libCVMSPluginSupport.dylib
0x0000000008e58000 	/System/Library/Frameworks/OpenGL.framework/Versions/A/Libraries/libCoreVMClient.dylib
0x0000000008e58000 	/usr/lib/libcompression.dylib
0x0000000008e58000 	/usr/lib/libcups.2.dylib
0x0000000008e58000 	/System/Library/Frameworks/Kerberos.framework/Versions/A/Kerberos
0x0000000008e58000 	/System/Library/Frameworks/GSS.framework/Versions/A/GSS
0x0000000008e58000 	/usr/lib/libresolv.9.dylib
0x0000000008e58000 	/usr/lib/libiconv.2.dylib
0x0000000008e58000 	/System/Library/PrivateFrameworks/Heimdal.framework/Versions/A/Heimdal
0x0000000008e58000 	/usr/lib/libheimdal-asn1.dylib
0x0000000008e58000 	/System/Library/Frameworks/OpenDirectory.framework/Versions/A/OpenDirectory
0x0000000008e58000 	/System/Library/PrivateFrameworks/CommonAuth.framework/Versions/A/CommonAuth
0x0000000008e58000 	/System/Library/Frameworks/OpenDirectory.framework/Versions/A/Frameworks/CFOpenDirectory.framework/Versions/A/CFOpenDirectory
0x0000000008e58000 	/System/Library/Frameworks/SecurityFoundation.framework/Versions/A/SecurityFoundation
0x0000000008e58000 	/System/Library/PrivateFrameworks/LanguageModeling.framework/Versions/A/LanguageModeling
0x0000000008e58000 	/usr/lib/libmarisa.dylib
0x0000000008e58000 	/usr/lib/libChineseTokenizer.dylib
0x0000000008e58000 	/usr/lib/libcmph.dylib
0x0000000008e58000 	/System/Library/Frameworks/ServiceManagement.framework/Versions/A/ServiceManagement
0x0000000008e58000 	/usr/lib/libxslt.1.dylib
0x0000000008e58000 	/System/Library/Frameworks/Carbon.framework/Versions/A/Frameworks/Ink.framework/Versions/A/Ink
0x0000000008e58000 	/usr/lib/libFosl_dynamic.dylib
0x0000000008e58000 	/System/Library/PrivateFrameworks/FaceCore.framework/Versions/A/FaceCore
0x0000000008e58000 	/System/Library/Frameworks/OpenCL.framework/Versions/A/OpenCL
0x0000000008e58000 	/System/Library/PrivateFrameworks/CrashReporterSupport.framework/Versions/A/CrashReporterSupport
0x0000000008e58000 	/System/Library/PrivateFrameworks/IconServices.framework/Versions/A/IconServices
0x0000000008e58000 	/System/Library/PrivateFrameworks/Apple80211.framework/Versions/A/Apple80211
0x0000000008e58000 	/System/Library/Frameworks/CoreWLAN.framework/Versions/A/CoreWLAN
0x0000000008e58000 	/System/Library/Frameworks/IOBluetooth.framework/Versions/A/IOBluetooth
0x0000000008e58000 	/System/Library/PrivateFrameworks/CoreWiFi.framework/Versions/A/CoreWiFi
0x0000000008e58000 	/System/Library/Frameworks/CoreBluetooth.framework/Versions/A/CoreBluetooth
0x0000000008e58000 	/System/Library/PrivateFrameworks/ChunkingLibrary.framework/Versions/A/ChunkingLibrary
0x0000000008e58000 	/System/Library/PrivateFrameworks/DebugSymbols.framework/Versions/A/DebugSymbols
0x0000000008e58000 	/System/Library/PrivateFrameworks/CoreSymbolication.framework/Versions/A/CoreSymbolication
0x0000000008e58000 	/System/Library/PrivateFrameworks/Symbolication.framework/Versions/A/Symbolication
0x0000000008e58000 	/System/Library/PrivateFrameworks/SpeechRecognitionCore.framework/Versions/A/SpeechRecognitionCore
0x0000000109200000 	/Library/Java/JavaVirtualMachines/jdk1.8.0_121.jdk/Contents/Home/jre/lib/server/libjvm.dylib
0x0000000008e58000 	/usr/lib/libstdc++.6.dylib
0x00000001089e2000 	/Library/Java/JavaVirtualMachines/jdk1.8.0_121.jdk/Contents/Home/jre/lib/libverify.dylib
0x000000010a1a2000 	/Library/Java/JavaVirtualMachines/jdk1.8.0_121.jdk/Contents/Home/jre/lib/libjava.dylib
0x000000010a1d7000 	/Library/Java/JavaVirtualMachines/jdk1.8.0_121.jdk/Contents/Home/jre/lib/libzip.dylib
0x000000011fb88000 	/System/Library/Frameworks/JavaVM.framework/Frameworks/JavaRuntimeSupport.framework/JavaRuntimeSupport
0x000000011fba3000 	/System/Library/Frameworks/JavaVM.framework/Versions/A/Frameworks/JavaNativeFoundation.framework/Versions/A/JavaNativeFoundation
0x000000011fbb8000 	/System/Library/Frameworks/JavaVM.framework/Versions/A/JavaVM
0x0000000008e58000 	/System/Library/Frameworks/Carbon.framework/Versions/A/Carbon
0x000000011fbc5000 	/System/Library/PrivateFrameworks/JavaLaunching.framework/Versions/A/JavaLaunching
0x0000000008e58000 	/System/Library/Frameworks/Carbon.framework/Versions/A/Frameworks/CommonPanels.framework/Versions/A/CommonPanels
0x0000000008e58000 	/System/Library/Frameworks/Carbon.framework/Versions/A/Frameworks/Help.framework/Versions/A/Help
0x0000000008e58000 	/System/Library/Frameworks/Carbon.framework/Versions/A/Frameworks/ImageCapture.framework/Versions/A/ImageCapture
0x0000000008e58000 	/System/Library/Frameworks/Carbon.framework/Versions/A/Frameworks/OpenScripting.framework/Versions/A/OpenScripting
0x0000000008e58000 	/System/Library/Frameworks/Carbon.framework/Versions/A/Frameworks/Print.framework/Versions/A/Print
0x0000000008e58000 	/System/Library/Frameworks/Carbon.framework/Versions/A/Frameworks/SecurityHI.framework/Versions/A/SecurityHI
0x0000000122971000 	/Library/Java/JavaVirtualMachines/jdk1.8.0_121.jdk/Contents/Home/jre/lib/libmanagement.dylib
0x00000001222cd000 	/Library/Java/JavaVirtualMachines/jdk1.8.0_121.jdk/Contents/Home/jre/lib/libnet.dylib
0x00000001222ff000 	/Library/Java/JavaVirtualMachines/jdk1.8.0_121.jdk/Contents/Home/jre/lib/libnio.dylib

VM Arguments:
jvm_args: -XX:PermSize=128M -XX:MaxPermSize=256M -Dmule.home=/Users/kasinathrout/AnypointStudio/workspace/.mule -Djava.endorsed.dirs=/Users/kasinathrout/Downloads/AnypointStudio.app/Contents/Eclipse/plugins/org.mule.tooling.server.3.8.3.ee_6.2.2.201701201826/mule/lib/endorsed/ -Djava.net.preferIPv4Stack=TRUE -Dmvel2.disable.jit=TRUE -Dosgi.dev=true -Dmule.verbose.exceptions=true -Dmule.plugins.dir=/Users/kasinathrout/Downloads/AnypointStudio.app/Contents/Eclipse/plugins/org.mule.tooling.server.3.8.3.ee_6.2.2.201701201826/mule/plugins -Dmule.agent.enabled=false -Dmule.forceConsoleLog -Dlog4j.debug=true -Danypoint.platform.gatekeeper=false -Dosgi.instance.area=file:/Users/kasinathrout/AnypointStudio/workspace -Dfile.encoding=UTF-8 
java_command: org.mule.tooling.server.application.ApplicationDeployer
java_class_path (initial): /Users/kasinathrout/Downloads/AnypointStudio.app/Contents/Eclipse/plugins/org.mule.tooling.server.3.8.3.ee_6.2.2.201701201826/mule/tooling/tooling-support-3.8.3.jar:/Users/kasinathrout/Downloads/AnypointStudio.app/Contents/Eclipse/plugins/org.mule.tooling.server.3.8.3.ee_6.2.2.201701201826/mule/lib/boot/commons-cli-1.2.jar:/Users/kasinathrout/Downloads/AnypointStudio.app/Contents/Eclipse/plugins/org.mule.tooling.server.3.8.3.ee_6.2.2.201701201826/mule/lib/boot/commons-codec-1.9.jar:/Users/kasinathrout/Downloads/AnypointStudio.app/Contents/Eclipse/plugins/org.mule.tooling.server.3.8.3.ee_6.2.2.201701201826/mule/lib/boot/disruptor-3.3.0.jar:/Users/kasinathrout/Downloads/AnypointStudio.app/Contents/Eclipse/plugins/org.mule.tooling.server.3.8.3.ee_6.2.2.201701201826/mule/lib/boot/jcl-over-slf4j-1.7.7.jar:/Users/kasinathrout/Downloads/AnypointStudio.app/Contents/Eclipse/plugins/org.mule.tooling.server.3.8.3.ee_6.2.2.201701201826/mule/lib/boot/license-utils-gw-3.8.3.jar:/Users/kasinathrout/Downloads/AnypointStudio.app/Contents/Eclipse/plugins/org.mule.tooling.server.3.8.3.ee_6.2.2.201701201826/mule/lib/boot/licm-studio-1.1.4.jar:/Users/kasinathrout/Downloads/AnypointStudio.app/Contents/Eclipse/plugins/org.mule.tooling.server.3.8.3.ee_6.2.2.201701201826/mule/lib/boot/log4j-1.2-api-2.5.jar:/Users/kasinathrout/Downloads/AnypointStudio.app/Contents/Eclipse/plugins/org.mule.tooling.server.3.8.3.ee_6.2.2.201701201826/mule/lib/boot/log4j-api-2.5.jar:/Users/kasinathrout/Downloads/AnypointStudio.app/Contents/Eclipse/plugins/org.mule.tooling.server.3.8.3.ee_6.2.2.201701201826/mule/lib/boot/log4j-core-2.5.jar:/Users/kasinathrout/Downloads/AnypointStudio.app/Contents/Eclipse/plugins/org.mule.tooling.server.3.8.3.ee_6.2.2.201701201826/mule/lib/boot/log4j-jcl-2.5.jar:/Users/kasinathrout/Downloads/AnypointStudio.app/Contents/Eclipse/plugins/org.mule.tooling.server.3.8.3.ee_6.2.2.201701201826/mule/lib/boot/log4j-jul-2.5.jar:/Users/kasinathrout/Downloads/Anypo
Launcher Type: SUN_STANDARD

Environment Variables:
PATH=/usr/bin:/bin:/usr/sbin:/sbin
SHELL=/bin/bash

Signal Handlers:
SIGSEGV: [libjvm.dylib+0x5b1141], sa_mask[0]=11111111011111110111111111111111, sa_flags=SA_ONSTACK|SA_RESTART|SA_SIGINFO
SIGBUS: [libjvm.dylib+0x5b1141], sa_mask[0]=11111111011111110111111111111111, sa_flags=SA_RESTART|SA_SIGINFO
SIGFPE: [libjvm.dylib+0x487bc4], sa_mask[0]=11111111011111110111111111111111, sa_flags=SA_RESTART|SA_SIGINFO
SIGPIPE: [libjvm.dylib+0x487bc4], sa_mask[0]=11111111011111110111111111111111, sa_flags=SA_RESTART|SA_SIGINFO
SIGXFSZ: [libjvm.dylib+0x487bc4], sa_mask[0]=11111111011111110111111111111111, sa_flags=SA_RESTART|SA_SIGINFO
SIGILL: [libjvm.dylib+0x487bc4], sa_mask[0]=11111111011111110111111111111111, sa_flags=SA_RESTART|SA_SIGINFO
SIGUSR1: SIG_DFL, sa_mask[0]=00000000000000000000000000000000, sa_flags=none
SIGUSR2: [libjvm.dylib+0x4876e2], sa_mask[0]=00100000000000000000000000000000, sa_flags=SA_RESTART|SA_SIGINFO
SIGHUP: [libjvm.dylib+0x485cb9], sa_mask[0]=11111111011111110111111111111111, sa_flags=SA_RESTART|SA_SIGINFO
SIGINT: [libjvm.dylib+0x485cb9], sa_mask[0]=11111111011111110111111111111111, sa_flags=SA_RESTART|SA_SIGINFO
SIGTERM: [libjvm.dylib+0x485cb9], sa_mask[0]=11111111011111110111111111111111, sa_flags=SA_RESTART|SA_SIGINFO
SIGQUIT: [libjvm.dylib+0x485cb9], sa_mask[0]=11111111011111110111111111111111, sa_flags=SA_RESTART|SA_SIGINFO


---------------  S Y S T E M  ---------------

OS:Bsduname:Darwin 15.6.0 Darwin Kernel Version 15.6.0: Thu Jun 23 18:25:34 PDT 2016; root:xnu-3248.60.10~1/RELEASE_X86_64 x86_64
rlimit: STACK 8192k, CORE 0k, NPROC 709, NOFILE 10240, AS infinity
load average:1.65 1.59 1.65

CPU:total 4 (2 cores per cpu, 2 threads per core) family 6 model 61 stepping 4, cmov, cx8, fxsr, mmx, sse, sse2, sse3, ssse3, sse4.1, sse4.2, popcnt, avx, avx2, aes, clmul, erms, 3dnowpref, lzcnt, ht, tsc, tscinvbit, bmi1, bmi2, adx

Memory: 4k page, physical 8388608k(962076k free)

/proc/meminfo:


vm_info: Java HotSpot(TM) 64-Bit Server VM (25.121-b13) for bsd-amd64 JRE (1.8.0_121-b13), built on Dec 12 2016 20:39:32 by "java_re" with gcc 4.2.1 (Based on Apple Inc. build 5658) (LLVM build 2336.11.00)

time: Fri Feb 17 11:31:16 2017
elapsed time: 2333 seconds (0d 0h 38m 53s)

